Using pre-set license
Built from '2020.3/staging' branch; Version is '2020.3.13f1 (71691879b7f5) revision 7432472'; Using compiler version '192528614'; Build Type 'Release'
OS: 'Windows 10 Pro; OS build 22621.819; Version 2009; 64bit' Language: 'ru' Physical Memory: 16291 MB
BatchMode: 1, IsHumanControllingUs: 0, StartBugReporterOnCrash: 0, Is64bit: 1, IsPro: 0

 COMMAND LINE ARGUMENTS:
D:\Applications\Unity\2020.3.13f1\Editor\Unity.exe
-adb2
-batchMode
-noUpm
-name
AssetImportWorker0
-projectPath
D:/ПРОГРАММИРОВАНИЕ/Программирование/Unity/Frog Game
-logFile
Logs/AssetImportWorker0.log
-srvPort
55373
Successfully changed project path to: D:/ПРОГРАММИРОВАНИЕ/Программирование/Unity/Frog Game
D:/ПРОГРАММИРОВАНИЕ/Программирование/Unity/Frog Game
Using Asset Import Pipeline V2.
Refreshing native plugins compatible for Editor in 37.38 ms, found 3 plugins.
Preloading 0 native plugins for Editor in 0.00 ms.
Initialize engine version: 2020.3.13f1 (71691879b7f5)
[Subsystems] Discovering subsystems at path D:/Applications/Unity/2020.3.13f1/Editor/Data/Resources/UnitySubsystems
[Subsystems] Discovering subsystems at path D:/ПРОГРАММИРОВАНИЕ/Программирование/Unity/Frog Game/Assets
GfxDevice: creating device client; threaded=0
Direct3D:
    Version:  Direct3D 11.0 [level 11.1]
    Renderer: NVIDIA GeForce GTX 1660 Ti (ID=0x2191)
    Vendor:   
    VRAM:     5991 MB
    Driver:   31.0.15.1700
Initialize mono
Mono path[0] = 'D:/Applications/Unity/2020.3.13f1/Editor/Data/Managed'
Mono path[1] = 'D:/Applications/Unity/2020.3.13f1/Editor/Data/MonoBleedingEdge/lib/mono/unityjit'
Mono config path = 'D:/Applications/Unity/2020.3.13f1/Editor/Data/MonoBleedingEdge/etc'
Using monoOptions --debugger-agent=transport=dt_socket,embedding=1,server=y,suspend=n,address=127.0.0.1:56876
Begin MonoManager ReloadAssembly
Registering precompiled unity dll's ...
Register platform support module: D:/Applications/Unity/2020.3.13f1/Editor/Data/PlaybackEngines/WebGLSupport/UnityEditor.WebGL.Extensions.dll
Register platform support module: D:/Applications/Unity/2020.3.13f1/Editor/Data/PlaybackEngines/MacStandaloneSupport/UnityEditor.OSXStandalone.Extensions.dll
Register platform support module: D:/Applications/Unity/2020.3.13f1/Editor/Data/PlaybackEngines/WindowsStandaloneSupport/UnityEditor.WindowsStandalone.Extensions.dll
Register platform support module: D:/Applications/Unity/2020.3.13f1/Editor/Data/PlaybackEngines/LinuxStandaloneSupport/UnityEditor.LinuxStandalone.Extensions.dll
Registered in 0.001143 seconds.
Native extension for LinuxStandalone target not found
Native extension for WindowsStandalone target not found
Native extension for OSXStandalone target not found
Native extension for WebGL target not found
Refreshing native plugins compatible for Editor in 38.48 ms, found 3 plugins.
Preloading 0 native plugins for Editor in 0.00 ms.
Mono: successfully reloaded assembly
- Completed reload, in  1.254 seconds
Platform modules already initialized, skipping
Registering precompiled user dll's ...
Registered in 0.002401 seconds.
Begin MonoManager ReloadAssembly
Native extension for LinuxStandalone target not found
Native extension for WindowsStandalone target not found
Native extension for OSXStandalone target not found
Native extension for WebGL target not found
Refreshing native plugins compatible for Editor in 38.19 ms, found 3 plugins.
Preloading 0 native plugins for Editor in 0.00 ms.
Mono: successfully reloaded assembly
- Completed reload, in  0.950 seconds
Platform modules already initialized, skipping
========================================================================
Worker process is ready to serve import requests
Launched and connected shader compiler UnityShaderCompiler.exe after 0.04 seconds
Refreshing native plugins compatible for Editor in 0.43 ms, found 3 plugins.
Preloading 0 native plugins for Editor in 0.00 ms.
Unloading 2119 Unused Serialized files (Serialized files now loaded: 0)
System memory in use before: 94.5 MB.
System memory in use after: 94.5 MB.

Unloading 33 unused Assets to reduce memory usage. Loaded Objects now: 2552.
Total: 2.482800 ms (FindLiveObjects: 0.203000 ms CreateObjectMapping: 0.092200 ms MarkObjects: 2.028700 ms  DeleteObjects: 0.157900 ms)

AssetImportParameters requested are different than current active one (requested -> active):
  custom:framework-win-MediaFoundation: 216162199b28c13a410421893ffa2e32 -> 
  custom:video-decoder-ogg-theora: a1e56fd34408186e4bbccfd4996cb3dc -> 
  custom:container-muxer-webm: aa71ff27fc2769a1b78a27578f13a17b -> 
  custom:container-demuxer-webm: 4f35f7cbe854078d1ac9338744f61a02 -> 
  custom:container-demuxer-ogg: 62fdf1f143b41e24485cea50d1cbac27 -> 
  custom:video-encoder-webm-vp8: eb34c28f22e8b96e1ab97ce403110664 -> 
  custom:video-codec-MediaFoundation-h265: 746d11721c4dcdbdad8f713fa42b33f4 -> 
  custom:video-decoder-webm-vp8: 9c59270c3fd7afecdb556c50c9e8de78 -> 
  custom:audio-decoder-ogg-vorbis: bf7c407c2cedff20999df2af8eb42d56 -> 
  custom:audio-encoder-webm-vorbis: bf7c407c2cedff20999df2af8eb42d56 -> 
========================================================================
Received Import Request.
  path: Assets/Scripts
  artifactKey: Guid(25888466e48b55a47a23e25bf32e0828) Importer(815301076,1909f56bfc062723c751e8b465ee728b)
Start importing Assets/Scripts using Guid(25888466e48b55a47a23e25bf32e0828) Importer(815301076,1909f56bfc062723c751e8b465ee728b)  -> (artifact id: '3616eabb4034f867c90ce6b8d7eb7c10') in 0.007203 seconds 
  Import took 0.010284 seconds .

========================================================================
Received Import Request.
  Time since last request: 10.522423 seconds.
  path: Assets/Scripts/Conditions
  artifactKey: Guid(0f556f1ce82874f799b409a10cc4774f) Importer(815301076,1909f56bfc062723c751e8b465ee728b)
Start importing Assets/Scripts/Conditions using Guid(0f556f1ce82874f799b409a10cc4774f) Importer(815301076,1909f56bfc062723c751e8b465ee728b)  -> (artifact id: 'ef31b0c6d595bb434ad5d74c209a4297') in 0.004779 seconds 
  Import took 0.008451 seconds .

========================================================================
Received Import Request.
  Time since last request: 5.193538 seconds.
  path: Assets/Scripts/Movement
  artifactKey: Guid(28394a084133e4958b90a17aa9f6f551) Importer(815301076,1909f56bfc062723c751e8b465ee728b)
Start importing Assets/Scripts/Movement using Guid(28394a084133e4958b90a17aa9f6f551) Importer(815301076,1909f56bfc062723c751e8b465ee728b)  -> (artifact id: '1f39e9279b2d1018b5bcfc2df85faab0') in 0.004854 seconds 
  Import took 0.007858 seconds .

========================================================================
Received Import Request.
  Time since last request: 5.790654 seconds.
  path: Assets/Scripts/Gameplay
  artifactKey: Guid(00544b50ec974478387858a03a99b159) Importer(815301076,1909f56bfc062723c751e8b465ee728b)
Start importing Assets/Scripts/Gameplay using Guid(00544b50ec974478387858a03a99b159) Importer(815301076,1909f56bfc062723c751e8b465ee728b)  -> (artifact id: '000dab61ff88ecb8134dd26721e0aa68') in 0.005496 seconds 
  Import took 0.008516 seconds .

========================================================================
Received Import Request.
  Time since last request: 22.584079 seconds.
  path: Assets/Scripts/Movement/Patrol.cs
  artifactKey: Guid(66eec6aefb56e4015b605a5088d6e109) Importer(815301076,1909f56bfc062723c751e8b465ee728b)
Start importing Assets/Scripts/Movement/Patrol.cs using Guid(66eec6aefb56e4015b605a5088d6e109) Importer(815301076,1909f56bfc062723c751e8b465ee728b)  -> (artifact id: '0b39a7293e763f69172c206c1adc5e22') in 0.037999 seconds 
  Import took 0.041754 seconds .

========================================================================
Received Import Request.
  Time since last request: 40.234398 seconds.
  path: Assets/Scripts/Patrol.cs
  artifactKey: Guid(083558645820a8d419b3e975de543834) Importer(815301076,1909f56bfc062723c751e8b465ee728b)
Start importing Assets/Scripts/Patrol.cs using Guid(083558645820a8d419b3e975de543834) Importer(815301076,1909f56bfc062723c751e8b465ee728b)  -> (artifact id: '2911ecec1b81b9b63a46219788fde2aa') in 0.001549 seconds 
  Import took 0.004921 seconds .

========================================================================
Received Import Request.
  Time since last request: 0.000596 seconds.
  path: Assets/Scripts/Patrol.cs
  artifactKey: Guid(083558645820a8d419b3e975de543834) Importer(815301076,1909f56bfc062723c751e8b465ee728b)
Start importing Assets/Scripts/Patrol.cs using Guid(083558645820a8d419b3e975de543834) Importer(815301076,1909f56bfc062723c751e8b465ee728b)  -> (artifact id: '2911ecec1b81b9b63a46219788fde2aa') in 0.001584 seconds 
  Import took 0.004512 seconds .

========================================================================
Received Prepare
Registering precompiled user dll's ...
Registered in 0.002207 seconds.
Begin MonoManager ReloadAssembly
Native extension for LinuxStandalone target not found
Native extension for WindowsStandalone target not found
Native extension for OSXStandalone target not found
Native extension for WebGL target not found
Refreshing native plugins compatible for Editor in 0.57 ms, found 3 plugins.
Preloading 0 native plugins for Editor in 0.00 ms.
Mono: successfully reloaded assembly
- Completed reload, in  0.882 seconds
Platform modules already initialized, skipping
Refreshing native plugins compatible for Editor in 0.45 ms, found 3 plugins.
Preloading 0 native plugins for Editor in 0.00 ms.
Unloading 2083 Unused Serialized files (Serialized files now loaded: 0)
System memory in use before: 93.7 MB.
System memory in use after: 93.7 MB.

Unloading 52 unused Assets to reduce memory usage. Loaded Objects now: 2525.
Total: 2.165600 ms (FindLiveObjects: 0.198000 ms CreateObjectMapping: 0.090800 ms MarkObjects: 1.767600 ms  DeleteObjects: 0.108000 ms)

AssetImportParameters requested are different than current active one (requested -> active):
  custom:framework-win-MediaFoundation: 216162199b28c13a410421893ffa2e32 -> 
  custom:video-decoder-ogg-theora: a1e56fd34408186e4bbccfd4996cb3dc -> 
  custom:container-muxer-webm: aa71ff27fc2769a1b78a27578f13a17b -> 
  custom:container-demuxer-webm: 4f35f7cbe854078d1ac9338744f61a02 -> 
  custom:container-demuxer-ogg: 62fdf1f143b41e24485cea50d1cbac27 -> 
  custom:video-encoder-webm-vp8: eb34c28f22e8b96e1ab97ce403110664 -> 
  custom:video-codec-MediaFoundation-h265: 746d11721c4dcdbdad8f713fa42b33f4 -> 
  custom:video-decoder-webm-vp8: 9c59270c3fd7afecdb556c50c9e8de78 -> 
  custom:audio-decoder-ogg-vorbis: bf7c407c2cedff20999df2af8eb42d56 -> 
  custom:audio-encoder-webm-vorbis: bf7c407c2cedff20999df2af8eb42d56 -> 
========================================================================
Received Import Request.
  Time since last request: 30.878084 seconds.
  path: Assets/Sprites
  artifactKey: Guid(5ad283b2615c35e4c87ca10a51b5aed2) Importer(815301076,1909f56bfc062723c751e8b465ee728b)
Start importing Assets/Sprites using Guid(5ad283b2615c35e4c87ca10a51b5aed2) Importer(815301076,1909f56bfc062723c751e8b465ee728b)  -> (artifact id: '997ea47bd1e9990033b84e6a70ea650a') in 0.007094 seconds 
  Import took 0.010898 seconds .

========================================================================
Received Import Request.
  Time since last request: 0.003295 seconds.
  path: Assets/Sprites
  artifactKey: Guid(5ad283b2615c35e4c87ca10a51b5aed2) Importer(815301076,1909f56bfc062723c751e8b465ee728b)
Start importing Assets/Sprites using Guid(5ad283b2615c35e4c87ca10a51b5aed2) Importer(815301076,1909f56bfc062723c751e8b465ee728b)  -> (artifact id: '997ea47bd1e9990033b84e6a70ea650a') in 0.001621 seconds 
  Import took 0.004640 seconds .

========================================================================
Received Import Request.
  Time since last request: 2.629554 seconds.
  path: Assets/Sprites/Prefabs
  artifactKey: Guid(3172b905fff612242b68587965c4f931) Importer(815301076,1909f56bfc062723c751e8b465ee728b)
Start importing Assets/Sprites/Prefabs using Guid(3172b905fff612242b68587965c4f931) Importer(815301076,1909f56bfc062723c751e8b465ee728b)  -> (artifact id: '1b7333e1b705c6ab51182231cd00cd4b') in 0.005250 seconds 
  Import took 0.008542 seconds .

========================================================================
Received Import Request.
  Time since last request: 0.053488 seconds.
  path: Assets/Sprites/Prefabs/Player.prefab
  artifactKey: Guid(351c2e9c46b470f4db213e0e0736f7c6) Importer(815301076,1909f56bfc062723c751e8b465ee728b)
Start importing Assets/Sprites/Prefabs/Player.prefab using Guid(351c2e9c46b470f4db213e0e0736f7c6) Importer(815301076,1909f56bfc062723c751e8b465ee728b)  -> (artifact id: '0d0b49e0923b9295e9cf7060fc0fc5fe') in 0.025350 seconds 
  Import took 0.028613 seconds .

========================================================================
Received Import Request.
  Time since last request: 46.798090 seconds.
  path: Assets/Sprites/Textures
  artifactKey: Guid(1aa56497fd6c74046b5d532df7ae5804) Importer(815301076,1909f56bfc062723c751e8b465ee728b)
Start importing Assets/Sprites/Textures using Guid(1aa56497fd6c74046b5d532df7ae5804) Importer(815301076,1909f56bfc062723c751e8b465ee728b)  -> (artifact id: '65c5fd2320e58e8064c580e7e3c96d1c') in 0.007082 seconds 
  Import took 0.009978 seconds .

========================================================================
Received Import Request.
  Time since last request: 0.049263 seconds.
  path: Assets/Sprites/Textures/Blue.png
  artifactKey: Guid(f3de48346da2f384f9847d182b4fcd72) Importer(815301076,1909f56bfc062723c751e8b465ee728b)
Start importing Assets/Sprites/Textures/Blue.png using Guid(f3de48346da2f384f9847d182b4fcd72) Importer(815301076,1909f56bfc062723c751e8b465ee728b)  -> (artifact id: '91d40a443babf53244a25aeb55c8eeba') in 0.059732 seconds 
  Import took 0.062689 seconds .

========================================================================
Received Import Request.
  Time since last request: 0.000327 seconds.
  path: Assets/Sprites/Textures/Brown.png
  artifactKey: Guid(ca6a66f8e2ae9c24c8c6b39c49206a0d) Importer(815301076,1909f56bfc062723c751e8b465ee728b)
Start importing Assets/Sprites/Textures/Brown.png using Guid(ca6a66f8e2ae9c24c8c6b39c49206a0d) Importer(815301076,1909f56bfc062723c751e8b465ee728b)  -> (artifact id: '28c39bcfd8066fdb9a814a5737e0c294') in 0.009075 seconds 
  Import took 0.011994 seconds .

========================================================================
Received Import Request.
  Time since last request: 0.000282 seconds.
  path: Assets/Sprites/Textures/health_rectangle.png
  artifactKey: Guid(751d3b203772a744396e27baf95e1645) Importer(815301076,1909f56bfc062723c751e8b465ee728b)
Start importing Assets/Sprites/Textures/health_rectangle.png using Guid(751d3b203772a744396e27baf95e1645) Importer(815301076,1909f56bfc062723c751e8b465ee728b)  -> (artifact id: 'f6a2ea27834caa9154e8bf3cc852a7d9') in 0.010769 seconds 
  Import took 0.013865 seconds .

========================================================================
Received Import Request.
  Time since last request: 44.344445 seconds.
  path: Assets/Sprites/Textures/Terrain
  artifactKey: Guid(1128d5be21f8dcb4cb6a138d36519111) Importer(815301076,1909f56bfc062723c751e8b465ee728b)
Start importing Assets/Sprites/Textures/Terrain using Guid(1128d5be21f8dcb4cb6a138d36519111) Importer(815301076,1909f56bfc062723c751e8b465ee728b)  -> (artifact id: 'ecb08eccdbdbbce1adedc5e17dd52c7e') in 0.005343 seconds 
  Import took 0.008726 seconds .

========================================================================
Received Import Request.
  Time since last request: 0.082927 seconds.
  path: Assets/Sprites/Textures/Terrain/Shadow.png
  artifactKey: Guid(38ea9af89efd60b4ab324ed5b168cb13) Importer(815301076,1909f56bfc062723c751e8b465ee728b)
Start importing Assets/Sprites/Textures/Terrain/Shadow.png using Guid(38ea9af89efd60b4ab324ed5b168cb13) Importer(815301076,1909f56bfc062723c751e8b465ee728b)  -> (artifact id: 'b0274f492bfb4c099ed2df750ad15b2d') in 0.010926 seconds 
  Import took 0.014217 seconds .

========================================================================
Received Import Request.
  Time since last request: 0.000311 seconds.
  path: Assets/Sprites/Textures/Terrain/Terrain (16x16) 1.png
  artifactKey: Guid(9c12e4738f632c94f9c98d9576f1c694) Importer(815301076,1909f56bfc062723c751e8b465ee728b)
Start importing Assets/Sprites/Textures/Terrain/Terrain (16x16) 1.png using Guid(9c12e4738f632c94f9c98d9576f1c694) Importer(815301076,1909f56bfc062723c751e8b465ee728b)  -> (artifact id: '75e4b6601bb7f84f4fb7da18ec1dbb67') in 0.045690 seconds 
  Import took 0.049033 seconds .

========================================================================
Received Import Request.
  Time since last request: 0.000210 seconds.
  path: Assets/Sprites/Textures/Terrain/Terrain Sliced (16x16).png
  artifactKey: Guid(b81c96be42999bb4dbea1f8d6bda2a85) Importer(815301076,1909f56bfc062723c751e8b465ee728b)
Start importing Assets/Sprites/Textures/Terrain/Terrain Sliced (16x16).png using Guid(b81c96be42999bb4dbea1f8d6bda2a85) Importer(815301076,1909f56bfc062723c751e8b465ee728b)  -> (artifact id: '1942513884b1b73fa2a2906242b072fe') in 0.231409 seconds 
  Import took 0.234700 seconds .

========================================================================
Received Import Request.
  Time since last request: 47.586518 seconds.
  path: Assets/Sprites/Enemies/Ghost/Appear (44x30).png
  artifactKey: Guid(c58e438898c6ecb40bdda6c082a26317) Importer(815301076,1909f56bfc062723c751e8b465ee728b)
Start importing Assets/Sprites/Enemies/Ghost/Appear (44x30).png using Guid(c58e438898c6ecb40bdda6c082a26317) Importer(815301076,1909f56bfc062723c751e8b465ee728b)  -> (artifact id: '02c9aa7566da13d3c083f1157f20b67b') in 0.020097 seconds 
  Import took 0.024128 seconds .

========================================================================
Received Import Request.
  Time since last request: 0.000217 seconds.
  path: Assets/Sprites/Textures/Items/Fruits/Apple.png
  artifactKey: Guid(0706941b685d63f438bca2b1f7ec69ad) Importer(815301076,1909f56bfc062723c751e8b465ee728b)
Start importing Assets/Sprites/Textures/Items/Fruits/Apple.png using Guid(0706941b685d63f438bca2b1f7ec69ad) Importer(815301076,1909f56bfc062723c751e8b465ee728b)  -> (artifact id: 'e598de12efbf4fa21c62e1ead0dd50c8') in 0.062463 seconds 
  Import took 0.065645 seconds .

========================================================================
Received Import Request.
  Time since last request: 0.000236 seconds.
  path: Assets/Pixel Adventure 2/Assets/Enemies/Ghost/Appear (44x30).png
  artifactKey: Guid(a26831e3796d4f6498e8400f4a01326b) Importer(815301076,1909f56bfc062723c751e8b465ee728b)
Start importing Assets/Pixel Adventure 2/Assets/Enemies/Ghost/Appear (44x30).png using Guid(a26831e3796d4f6498e8400f4a01326b) Importer(815301076,1909f56bfc062723c751e8b465ee728b)  -> (artifact id: '5b5728c171d9f6463b10285555beb19e') in 0.018956 seconds 
  Import took 0.022229 seconds .

========================================================================
Received Import Request.
  Time since last request: 0.000266 seconds.
  path: Assets/Pixel Adventure 1/Assets/Items/Fruits/Apple.png
  artifactKey: Guid(1ddc9afd21fec77489b1248d18f31b68) Importer(815301076,1909f56bfc062723c751e8b465ee728b)
Start importing Assets/Pixel Adventure 1/Assets/Items/Fruits/Apple.png using Guid(1ddc9afd21fec77489b1248d18f31b68) Importer(815301076,1909f56bfc062723c751e8b465ee728b)  -> (artifact id: 'e4a90b925631b3ff151c2b1d9be35178') in 0.063738 seconds 
  Import took 0.067520 seconds .

========================================================================
Received Import Request.
  Time since last request: 0.000197 seconds.
  path: Assets/Pixel Adventure 2/Assets/Enemies/Ghost/Appear (44x30).png
  artifactKey: Guid(a26831e3796d4f6498e8400f4a01326b) Importer(815301076,1909f56bfc062723c751e8b465ee728b)
Start importing Assets/Pixel Adventure 2/Assets/Enemies/Ghost/Appear (44x30).png using Guid(a26831e3796d4f6498e8400f4a01326b) Importer(815301076,1909f56bfc062723c751e8b465ee728b)  -> (artifact id: '5b5728c171d9f6463b10285555beb19e') in 0.012408 seconds 
  Import took 0.015365 seconds .

========================================================================
Received Import Request.
  Time since last request: 0.000293 seconds.
  path: Assets/Pixel Adventure 1/Assets/Main Characters/Appearing (96x96).png
  artifactKey: Guid(3421078018dc3934a8c1ab3b7bf89aa0) Importer(815301076,1909f56bfc062723c751e8b465ee728b)
Start importing Assets/Pixel Adventure 1/Assets/Main Characters/Appearing (96x96).png using Guid(3421078018dc3934a8c1ab3b7bf89aa0) Importer(815301076,1909f56bfc062723c751e8b465ee728b)  -> (artifact id: '1e6b4c2097f25b6dab87a6e93a4a5f47') in 0.038969 seconds 
  Import took 0.041970 seconds .

========================================================================
Received Import Request.
  Time since last request: 0.000180 seconds.
  path: Assets/Sprites/Enemies/Ghost/Appear (44x30).png
  artifactKey: Guid(c58e438898c6ecb40bdda6c082a26317) Importer(815301076,1909f56bfc062723c751e8b465ee728b)
Start importing Assets/Sprites/Enemies/Ghost/Appear (44x30).png using Guid(c58e438898c6ecb40bdda6c082a26317) Importer(815301076,1909f56bfc062723c751e8b465ee728b)  -> (artifact id: '02c9aa7566da13d3c083f1157f20b67b') in 0.020692 seconds 
  Import took 0.023626 seconds .

========================================================================
Received Import Request.
  Time since last request: 0.000201 seconds.
  path: Assets/Pixel Adventure 1/Assets/Main Characters/Appearing (96x96).png
  artifactKey: Guid(3421078018dc3934a8c1ab3b7bf89aa0) Importer(815301076,1909f56bfc062723c751e8b465ee728b)
Start importing Assets/Pixel Adventure 1/Assets/Main Characters/Appearing (96x96).png using Guid(3421078018dc3934a8c1ab3b7bf89aa0) Importer(815301076,1909f56bfc062723c751e8b465ee728b)  -> (artifact id: '1e6b4c2097f25b6dab87a6e93a4a5f47') in 0.030804 seconds 
  Import took 0.033793 seconds .

========================================================================
Received Import Request.
  Time since last request: 106.892208 seconds.
  path: Assets/Pixel Adventure 1/Assets/Terrain/Terrain Sliced (16x16).png
  artifactKey: Guid(fc584d329b77b9545b9c9c8bb829e553) Importer(815301076,1909f56bfc062723c751e8b465ee728b)
Start importing Assets/Pixel Adventure 1/Assets/Terrain/Terrain Sliced (16x16).png using Guid(fc584d329b77b9545b9c9c8bb829e553) Importer(815301076,1909f56bfc062723c751e8b465ee728b)  -> (artifact id: '30dd19c15d536fbd67ef2f0b1e44d80e') in 0.245934 seconds 
  Import took 0.249799 seconds .

========================================================================
Received Import Request.
  Time since last request: 0.003318 seconds.
  path: Assets/Pixel Adventure 1/Assets/Terrain/Terrain Sliced (16x16).png
  artifactKey: Guid(fc584d329b77b9545b9c9c8bb829e553) Importer(815301076,1909f56bfc062723c751e8b465ee728b)
Start importing Assets/Pixel Adventure 1/Assets/Terrain/Terrain Sliced (16x16).png using Guid(fc584d329b77b9545b9c9c8bb829e553) Importer(815301076,1909f56bfc062723c751e8b465ee728b)  -> (artifact id: '30dd19c15d536fbd67ef2f0b1e44d80e') in 0.153689 seconds 
  Import took 0.157359 seconds .

